[09-May-2020 04:50:15 UTC] PHP Fatal error:  Uncaught Error: Undefined constant 'n' in /Users/joselopez/Local Sites/university/app/public/wp-content/themes/newtheme/index.php:7
Stack trace:
#0 /Users/joselopez/Local Sites/university/app/public/wp-includes/template-loader.php(106): include()
#1 /Users/joselopez/Local Sites/university/app/public/wp-blog-header.php(19): require_once('/Users/joselope...')
#2 /Users/joselopez/Local Sites/university/app/public/index.php(17): require('/Users/joselope...')
#3 {main}
  thrown in /Users/joselopez/Local Sites/university/app/public/wp-content/themes/newtheme/index.php on line 7
[09-May-2020 04:50:35 UTC] PHP Fatal error:  Uncaught Error: Undefined constant 'n' in /Users/joselopez/Local Sites/university/app/public/wp-content/themes/newtheme/index.php:7
Stack trace:
#0 /Users/joselopez/Local Sites/university/app/public/wp-includes/template-loader.php(106): include()
#1 /Users/joselopez/Local Sites/university/app/public/wp-blog-header.php(19): require_once('/Users/joselope...')
#2 /Users/joselopez/Local Sites/university/app/public/index.php(17): require('/Users/joselope...')
#3 {main}
  thrown in /Users/joselopez/Local Sites/university/app/public/wp-content/themes/newtheme/index.php on line 7
[09-May-2020 04:50:36 UTC] PHP Fatal error:  Uncaught Error: Undefined constant 'n' in /Users/joselopez/Local Sites/university/app/public/wp-content/themes/newtheme/index.php:7
Stack trace:
#0 /Users/joselopez/Local Sites/university/app/public/wp-includes/template-loader.php(106): include()
#1 /Users/joselopez/Local Sites/university/app/public/wp-blog-header.php(19): require_once('/Users/joselope...')
#2 /Users/joselopez/Local Sites/university/app/public/index.php(17): require('/Users/joselope...')
#3 {main}
  thrown in /Users/joselopez/Local Sites/university/app/public/wp-content/themes/newtheme/index.php on line 7
[09-May-2020 04:50:37 UTC] PHP Fatal error:  Uncaught Error: Undefined constant 'n' in /Users/joselopez/Local Sites/university/app/public/wp-content/themes/newtheme/index.php:7
Stack trace:
#0 /Users/joselopez/Local Sites/university/app/public/wp-includes/template-loader.php(106): include()
#1 /Users/joselopez/Local Sites/university/app/public/wp-blog-header.php(19): require_once('/Users/joselope...')
#2 /Users/joselopez/Local Sites/university/app/public/index.php(17): require('/Users/joselope...')
#3 {main}
  thrown in /Users/joselopez/Local Sites/university/app/public/wp-content/themes/newtheme/index.php on line 7
[09-May-2020 04:50:37 UTC] PHP Fatal error:  Uncaught Error: Undefined constant 'n' in /Users/joselopez/Local Sites/university/app/public/wp-content/themes/newtheme/index.php:7
Stack trace:
#0 /Users/joselopez/Local Sites/university/app/public/wp-includes/template-loader.php(106): include()
#1 /Users/joselopez/Local Sites/university/app/public/wp-blog-header.php(19): require_once('/Users/joselope...')
#2 /Users/joselopez/Local Sites/university/app/public/index.php(17): require('/Users/joselope...')
#3 {main}
  thrown in /Users/joselopez/Local Sites/university/app/public/wp-content/themes/newtheme/index.php on line 7
[09-May-2020 04:51:36 UTC] PHP Parse error:  syntax error, unexpected '/' in /Users/joselopez/Local Sites/university/app/public/wp-content/themes/newtheme/index.php on line 3
[09-May-2020 04:52:06 UTC] PHP Parse error:  syntax error, unexpected '<' in /Users/joselopez/Local Sites/university/app/public/wp-content/themes/newtheme/index.php on line 3
[09-May-2020 04:52:06 UTC] PHP Parse error:  syntax error, unexpected '<' in /Users/joselopez/Local Sites/university/app/public/wp-content/themes/newtheme/index.php on line 3
[09-May-2020 04:52:07 UTC] PHP Parse error:  syntax error, unexpected '<' in /Users/joselopez/Local Sites/university/app/public/wp-content/themes/newtheme/index.php on line 3
[11-May-2020 06:08:33 UTC] PHP Warning:  Use of undefined constant images - assumed 'images' (this will throw an Error in a future version of PHP) in /Users/joselopez/Local Sites/university/app/public/wp-content/themes/newtheme/index.php on line 76
[11-May-2020 06:08:33 UTC] PHP Stack trace:
[11-May-2020 06:08:33 UTC] PHP   1. {main}() /Users/joselopez/Local Sites/university/app/public/index.php:0
[11-May-2020 06:08:33 UTC] PHP   2. require() /Users/joselopez/Local Sites/university/app/public/index.php:17
[11-May-2020 06:08:33 UTC] PHP   3. require_once() /Users/joselopez/Local Sites/university/app/public/wp-blog-header.php:19
[11-May-2020 06:08:33 UTC] PHP   4. include() /Users/joselopez/Local Sites/university/app/public/wp-includes/template-loader.php:106
[11-May-2020 06:08:33 UTC] PHP Warning:  Use of undefined constant bus - assumed 'bus' (this will throw an Error in a future version of PHP) in /Users/joselopez/Local Sites/university/app/public/wp-content/themes/newtheme/index.php on line 76
[11-May-2020 06:08:33 UTC] PHP Stack trace:
[11-May-2020 06:08:33 UTC] PHP   1. {main}() /Users/joselopez/Local Sites/university/app/public/index.php:0
[11-May-2020 06:08:33 UTC] PHP   2. require() /Users/joselopez/Local Sites/university/app/public/index.php:17
[11-May-2020 06:08:33 UTC] PHP   3. require_once() /Users/joselopez/Local Sites/university/app/public/wp-blog-header.php:19
[11-May-2020 06:08:33 UTC] PHP   4. include() /Users/joselopez/Local Sites/university/app/public/wp-includes/template-loader.php:106
[11-May-2020 06:08:33 UTC] PHP Warning:  A non-numeric value encountered in /Users/joselopez/Local Sites/university/app/public/wp-content/themes/newtheme/index.php on line 76
[11-May-2020 06:08:33 UTC] PHP Stack trace:
[11-May-2020 06:08:33 UTC] PHP   1. {main}() /Users/joselopez/Local Sites/university/app/public/index.php:0
[11-May-2020 06:08:33 UTC] PHP   2. require() /Users/joselopez/Local Sites/university/app/public/index.php:17
[11-May-2020 06:08:33 UTC] PHP   3. require_once() /Users/joselopez/Local Sites/university/app/public/wp-blog-header.php:19
[11-May-2020 06:08:33 UTC] PHP   4. include() /Users/joselopez/Local Sites/university/app/public/wp-includes/template-loader.php:106
[11-May-2020 06:08:33 UTC] PHP Warning:  A non-numeric value encountered in /Users/joselopez/Local Sites/university/app/public/wp-content/themes/newtheme/index.php on line 76
[11-May-2020 06:08:33 UTC] PHP Stack trace:
[11-May-2020 06:08:33 UTC] PHP   1. {main}() /Users/joselopez/Local Sites/university/app/public/index.php:0
[11-May-2020 06:08:33 UTC] PHP   2. require() /Users/joselopez/Local Sites/university/app/public/index.php:17
[11-May-2020 06:08:33 UTC] PHP   3. require_once() /Users/joselopez/Local Sites/university/app/public/wp-blog-header.php:19
[11-May-2020 06:08:33 UTC] PHP   4. include() /Users/joselopez/Local Sites/university/app/public/wp-includes/template-loader.php:106
[11-May-2020 06:08:33 UTC] PHP Warning:  Division by zero in /Users/joselopez/Local Sites/university/app/public/wp-content/themes/newtheme/index.php on line 76
[11-May-2020 06:08:33 UTC] PHP Stack trace:
[11-May-2020 06:08:33 UTC] PHP   1. {main}() /Users/joselopez/Local Sites/university/app/public/index.php:0
[11-May-2020 06:08:33 UTC] PHP   2. require() /Users/joselopez/Local Sites/university/app/public/index.php:17
[11-May-2020 06:08:33 UTC] PHP   3. require_once() /Users/joselopez/Local Sites/university/app/public/wp-blog-header.php:19
[11-May-2020 06:08:33 UTC] PHP   4. include() /Users/joselopez/Local Sites/university/app/public/wp-includes/template-loader.php:106
[11-May-2020 06:08:33 UTC] PHP Warning:  Use of undefined constant jpg - assumed 'jpg' (this will throw an Error in a future version of PHP) in /Users/joselopez/Local Sites/university/app/public/wp-content/themes/newtheme/index.php on line 76
[11-May-2020 06:08:33 UTC] PHP Stack trace:
[11-May-2020 06:08:33 UTC] PHP   1. {main}() /Users/joselopez/Local Sites/university/app/public/index.php:0
[11-May-2020 06:08:33 UTC] PHP   2. require() /Users/joselopez/Local Sites/university/app/public/index.php:17
[11-May-2020 06:08:33 UTC] PHP   3. require_once() /Users/joselopez/Local Sites/university/app/public/wp-blog-header.php:19
[11-May-2020 06:08:33 UTC] PHP   4. include() /Users/joselopez/Local Sites/university/app/public/wp-includes/template-loader.php:106
[11-May-2020 06:08:33 UTC] PHP Warning:  Use of undefined constant images - assumed 'images' (this will throw an Error in a future version of PHP) in /Users/joselopez/Local Sites/university/app/public/wp-content/themes/newtheme/index.php on line 85
[11-May-2020 06:08:33 UTC] PHP Stack trace:
[11-May-2020 06:08:33 UTC] PHP   1. {main}() /Users/joselopez/Local Sites/university/app/public/index.php:0
[11-May-2020 06:08:33 UTC] PHP   2. require() /Users/joselopez/Local Sites/university/app/public/index.php:17
[11-May-2020 06:08:33 UTC] PHP   3. require_once() /Users/joselopez/Local Sites/university/app/public/wp-blog-header.php:19
[11-May-2020 06:08:33 UTC] PHP   4. include() /Users/joselopez/Local Sites/university/app/public/wp-includes/template-loader.php:106
[11-May-2020 06:08:33 UTC] PHP Warning:  Use of undefined constant apples - assumed 'apples' (this will throw an Error in a future version of PHP) in /Users/joselopez/Local Sites/university/app/public/wp-content/themes/newtheme/index.php on line 85
[11-May-2020 06:08:33 UTC] PHP Stack trace:
[11-May-2020 06:08:33 UTC] PHP   1. {main}() /Users/joselopez/Local Sites/university/app/public/index.php:0
[11-May-2020 06:08:33 UTC] PHP   2. require() /Users/joselopez/Local Sites/university/app/public/index.php:17
[11-May-2020 06:08:33 UTC] PHP   3. require_once() /Users/joselopez/Local Sites/university/app/public/wp-blog-header.php:19
[11-May-2020 06:08:33 UTC] PHP   4. include() /Users/joselopez/Local Sites/university/app/public/wp-includes/template-loader.php:106
[11-May-2020 06:08:33 UTC] PHP Warning:  A non-numeric value encountered in /Users/joselopez/Local Sites/university/app/public/wp-content/themes/newtheme/index.php on line 85
[11-May-2020 06:08:33 UTC] PHP Stack trace:
[11-May-2020 06:08:33 UTC] PHP   1. {main}() /Users/joselopez/Local Sites/university/app/public/index.php:0
[11-May-2020 06:08:33 UTC] PHP   2. require() /Users/joselopez/Local Sites/university/app/public/index.php:17
[11-May-2020 06:08:33 UTC] PHP   3. require_once() /Users/joselopez/Local Sites/university/app/public/wp-blog-header.php:19
[11-May-2020 06:08:33 UTC] PHP   4. include() /Users/joselopez/Local Sites/university/app/public/wp-includes/template-loader.php:106
[11-May-2020 06:08:33 UTC] PHP Warning:  A non-numeric value encountered in /Users/joselopez/Local Sites/university/app/public/wp-content/themes/newtheme/index.php on line 85
[11-May-2020 06:08:33 UTC] PHP Stack trace:
[11-May-2020 06:08:33 UTC] PHP   1. {main}() /Users/joselopez/Local Sites/university/app/public/index.php:0
[11-May-2020 06:08:33 UTC] PHP   2. require() /Users/joselopez/Local Sites/university/app/public/index.php:17
[11-May-2020 06:08:33 UTC] PHP   3. require_once() /Users/joselopez/Local Sites/university/app/public/wp-blog-header.php:19
[11-May-2020 06:08:33 UTC] PHP   4. include() /Users/joselopez/Local Sites/university/app/public/wp-includes/template-loader.php:106
[11-May-2020 06:08:33 UTC] PHP Warning:  Division by zero in /Users/joselopez/Local Sites/university/app/public/wp-content/themes/newtheme/index.php on line 85
[11-May-2020 06:08:33 UTC] PHP Stack trace:
[11-May-2020 06:08:33 UTC] PHP   1. {main}() /Users/joselopez/Local Sites/university/app/public/index.php:0
[11-May-2020 06:08:33 UTC] PHP   2. require() /Users/joselopez/Local Sites/university/app/public/index.php:17
[11-May-2020 06:08:33 UTC] PHP   3. require_once() /Users/joselopez/Local Sites/university/app/public/wp-blog-header.php:19
[11-May-2020 06:08:33 UTC] PHP   4. include() /Users/joselopez/Local Sites/university/app/public/wp-includes/template-loader.php:106
[11-May-2020 06:08:33 UTC] PHP Warning:  Use of undefined constant jpg - assumed 'jpg' (this will throw an Error in a future version of PHP) in /Users/joselopez/Local Sites/university/app/public/wp-content/themes/newtheme/index.php on line 85
[11-May-2020 06:08:33 UTC] PHP Stack trace:
[11-May-2020 06:08:33 UTC] PHP   1. {main}() /Users/joselopez/Local Sites/university/app/public/index.php:0
[11-May-2020 06:08:33 UTC] PHP   2. require() /Users/joselopez/Local Sites/university/app/public/index.php:17
[11-May-2020 06:08:33 UTC] PHP   3. require_once() /Users/joselopez/Local Sites/university/app/public/wp-blog-header.php:19
[11-May-2020 06:08:33 UTC] PHP   4. include() /Users/joselopez/Local Sites/university/app/public/wp-includes/template-loader.php:106
[11-May-2020 06:08:33 UTC] PHP Warning:  Use of undefined constant images - assumed 'images' (this will throw an Error in a future version of PHP) in /Users/joselopez/Local Sites/university/app/public/wp-content/themes/newtheme/index.php on line 94
[11-May-2020 06:08:33 UTC] PHP Stack trace:
[11-May-2020 06:08:33 UTC] PHP   1. {main}() /Users/joselopez/Local Sites/university/app/public/index.php:0
[11-May-2020 06:08:33 UTC] PHP   2. require() /Users/joselopez/Local Sites/university/app/public/index.php:17
[11-May-2020 06:08:33 UTC] PHP   3. require_once() /Users/joselopez/Local Sites/university/app/public/wp-blog-header.php:19
[11-May-2020 06:08:33 UTC] PHP   4. include() /Users/joselopez/Local Sites/university/app/public/wp-includes/template-loader.php:106
[11-May-2020 06:08:33 UTC] PHP Warning:  Use of undefined constant bread - assumed 'bread' (this will throw an Error in a future version of PHP) in /Users/joselopez/Local Sites/university/app/public/wp-content/themes/newtheme/index.php on line 94
[11-May-2020 06:08:33 UTC] PHP Stack trace:
[11-May-2020 06:08:33 UTC] PHP   1. {main}() /Users/joselopez/Local Sites/university/app/public/index.php:0
[11-May-2020 06:08:33 UTC] PHP   2. require() /Users/joselopez/Local Sites/university/app/public/index.php:17
[11-May-2020 06:08:33 UTC] PHP   3. require_once() /Users/joselopez/Local Sites/university/app/public/wp-blog-header.php:19
[11-May-2020 06:08:33 UTC] PHP   4. include() /Users/joselopez/Local Sites/university/app/public/wp-includes/template-loader.php:106
[11-May-2020 06:08:33 UTC] PHP Warning:  A non-numeric value encountered in /Users/joselopez/Local Sites/university/app/public/wp-content/themes/newtheme/index.php on line 94
[11-May-2020 06:08:33 UTC] PHP Stack trace:
[11-May-2020 06:08:33 UTC] PHP   1. {main}() /Users/joselopez/Local Sites/university/app/public/index.php:0
[11-May-2020 06:08:33 UTC] PHP   2. require() /Users/joselopez/Local Sites/university/app/public/index.php:17
[11-May-2020 06:08:33 UTC] PHP   3. require_once() /Users/joselopez/Local Sites/university/app/public/wp-blog-header.php:19
[11-May-2020 06:08:33 UTC] PHP   4. include() /Users/joselopez/Local Sites/university/app/public/wp-includes/template-loader.php:106
[11-May-2020 06:08:33 UTC] PHP Warning:  A non-numeric value encountered in /Users/joselopez/Local Sites/university/app/public/wp-content/themes/newtheme/index.php on line 94
[11-May-2020 06:08:33 UTC] PHP Stack trace:
[11-May-2020 06:08:33 UTC] PHP   1. {main}() /Users/joselopez/Local Sites/university/app/public/index.php:0
[11-May-2020 06:08:33 UTC] PHP   2. require() /Users/joselopez/Local Sites/university/app/public/index.php:17
[11-May-2020 06:08:33 UTC] PHP   3. require_once() /Users/joselopez/Local Sites/university/app/public/wp-blog-header.php:19
[11-May-2020 06:08:33 UTC] PHP   4. include() /Users/joselopez/Local Sites/university/app/public/wp-includes/template-loader.php:106
[11-May-2020 06:08:33 UTC] PHP Warning:  Division by zero in /Users/joselopez/Local Sites/university/app/public/wp-content/themes/newtheme/index.php on line 94
[11-May-2020 06:08:33 UTC] PHP Stack trace:
[11-May-2020 06:08:33 UTC] PHP   1. {main}() /Users/joselopez/Local Sites/university/app/public/index.php:0
[11-May-2020 06:08:33 UTC] PHP   2. require() /Users/joselopez/Local Sites/university/app/public/index.php:17
[11-May-2020 06:08:33 UTC] PHP   3. require_once() /Users/joselopez/Local Sites/university/app/public/wp-blog-header.php:19
[11-May-2020 06:08:33 UTC] PHP   4. include() /Users/joselopez/Local Sites/university/app/public/wp-includes/template-loader.php:106
[11-May-2020 06:08:33 UTC] PHP Warning:  Use of undefined constant jpg - assumed 'jpg' (this will throw an Error in a future version of PHP) in /Users/joselopez/Local Sites/university/app/public/wp-content/themes/newtheme/index.php on line 94
[11-May-2020 06:08:33 UTC] PHP Stack trace:
[11-May-2020 06:08:33 UTC] PHP   1. {main}() /Users/joselopez/Local Sites/university/app/public/index.php:0
[11-May-2020 06:08:33 UTC] PHP   2. require() /Users/joselopez/Local Sites/university/app/public/index.php:17
[11-May-2020 06:08:33 UTC] PHP   3. require_once() /Users/joselopez/Local Sites/university/app/public/wp-blog-header.php:19
[11-May-2020 06:08:33 UTC] PHP   4. include() /Users/joselopez/Local Sites/university/app/public/wp-includes/template-loader.php:106
[12-May-2020 19:58:22 UTC] PHP Fatal error:  Uncaught Error: Call to undefined function gwt_the_ID() in /Users/joselopez/Local Sites/university/app/public/wp-content/themes/newtheme/page.php:20
Stack trace:
#0 /Users/joselopez/Local Sites/university/app/public/wp-includes/template-loader.php(106): include()
#1 /Users/joselopez/Local Sites/university/app/public/wp-blog-header.php(19): require_once('/Users/joselope...')
#2 /Users/joselopez/Local Sites/university/app/public/index.php(17): require('/Users/joselope...')
#3 {main}
  thrown in /Users/joselopez/Local Sites/university/app/public/wp-content/themes/newtheme/page.php on line 20
[12-May-2020 20:11:00 UTC] PHP Parse error:  syntax error, unexpected 'if' (T_IF) in /Users/joselopez/Local Sites/university/app/public/wp-content/themes/newtheme/page.php on line 21
[12-May-2020 21:08:52 UTC] PHP Parse error:  syntax error, unexpected ';', expecting ')' in /Users/joselopez/Local Sites/university/app/public/wp-content/themes/newtheme/page.php on line 43
[12-May-2020 22:52:08 UTC] PHP Parse error:  syntax error, unexpected '}' in /Users/joselopez/Local Sites/university/app/public/wp-content/themes/newtheme/index.php on line 19
[18-May-2020 03:31:00 UTC] PHP Fatal error:  Uncaught Error: Call to a member function have_posts() on null in /Users/joselopez/Local Sites/university/app/public/wp-content/themes/newtheme/front-page.php:53
Stack trace:
#0 /Users/joselopez/Local Sites/university/app/public/wp-includes/template-loader.php(106): include()
#1 /Users/joselopez/Local Sites/university/app/public/wp-blog-header.php(19): require_once('/Users/joselope...')
#2 /Users/joselopez/Local Sites/university/app/public/index.php(17): require('/Users/joselope...')
#3 {main}
  thrown in /Users/joselopez/Local Sites/university/app/public/wp-content/themes/newtheme/front-page.php on line 53
[18-May-2020 03:41:29 UTC] PHP Fatal error:  Uncaught Error: Call to a member function have_posts() on null in /Users/joselopez/Local Sites/university/app/public/wp-content/themes/newtheme/front-page.php:53
Stack trace:
#0 /Users/joselopez/Local Sites/university/app/public/wp-includes/template-loader.php(106): include()
#1 /Users/joselopez/Local Sites/university/app/public/wp-blog-header.php(19): require_once('/Users/joselope...')
#2 /Users/joselopez/Local Sites/university/app/public/index.php(17): require('/Users/joselope...')
#3 {main}
  thrown in /Users/joselopez/Local Sites/university/app/public/wp-content/themes/newtheme/front-page.php on line 53
[18-May-2020 03:46:51 UTC] PHP Fatal error:  Uncaught Error: Call to a member function have_posts() on null in /Users/joselopez/Local Sites/university/app/public/wp-content/themes/newtheme/front-page.php:53
Stack trace:
#0 /Users/joselopez/Local Sites/university/app/public/wp-includes/template-loader.php(106): include()
#1 /Users/joselopez/Local Sites/university/app/public/wp-blog-header.php(19): require_once('/Users/joselope...')
#2 /Users/joselopez/Local Sites/university/app/public/index.php(17): require('/Users/joselope...')
#3 {main}
  thrown in /Users/joselopez/Local Sites/university/app/public/wp-content/themes/newtheme/front-page.php on line 53
[18-May-2020 03:48:52 UTC] PHP Fatal error:  Uncaught Error: Call to a member function have_posts() on null in /Users/joselopez/Local Sites/university/app/public/wp-content/themes/newtheme/front-page.php:53
Stack trace:
#0 /Users/joselopez/Local Sites/university/app/public/wp-includes/template-loader.php(106): include()
#1 /Users/joselopez/Local Sites/university/app/public/wp-blog-header.php(19): require_once('/Users/joselope...')
#2 /Users/joselopez/Local Sites/university/app/public/index.php(17): require('/Users/joselope...')
#3 {main}
  thrown in /Users/joselopez/Local Sites/university/app/public/wp-content/themes/newtheme/front-page.php on line 53
[18-May-2020 03:54:01 UTC] PHP Fatal error:  Uncaught Error: Call to a member function have_posts() on null in /Users/joselopez/Local Sites/university/app/public/wp-content/themes/newtheme/front-page.php:53
Stack trace:
#0 /Users/joselopez/Local Sites/university/app/public/wp-includes/template-loader.php(106): include()
#1 /Users/joselopez/Local Sites/university/app/public/wp-blog-header.php(19): require_once('/Users/joselope...')
#2 /Users/joselopez/Local Sites/university/app/public/index.php(17): require('/Users/joselope...')
#3 {main}
  thrown in /Users/joselopez/Local Sites/university/app/public/wp-content/themes/newtheme/front-page.php on line 53
[18-May-2020 03:59:45 UTC] PHP Fatal error:  Uncaught Error: Call to a member function have_posts() on null in /Users/joselopez/Local Sites/university/app/public/wp-content/themes/newtheme/front-page.php:53
Stack trace:
#0 /Users/joselopez/Local Sites/university/app/public/wp-includes/template-loader.php(106): include()
#1 /Users/joselopez/Local Sites/university/app/public/wp-blog-header.php(19): require_once('/Users/joselope...')
#2 /Users/joselopez/Local Sites/university/app/public/index.php(17): require('/Users/joselope...')
#3 {main}
  thrown in /Users/joselopez/Local Sites/university/app/public/wp-content/themes/newtheme/front-page.php on line 53
[18-May-2020 04:01:11 UTC] PHP Fatal error:  Uncaught Error: Call to a member function have_posts() on null in /Users/joselopez/Local Sites/university/app/public/wp-content/themes/newtheme/front-page.php:53
Stack trace:
#0 /Users/joselopez/Local Sites/university/app/public/wp-includes/template-loader.php(106): include()
#1 /Users/joselopez/Local Sites/university/app/public/wp-blog-header.php(19): require_once('/Users/joselope...')
#2 /Users/joselopez/Local Sites/university/app/public/index.php(17): require('/Users/joselope...')
#3 {main}
  thrown in /Users/joselopez/Local Sites/university/app/public/wp-content/themes/newtheme/front-page.php on line 53
[19-May-2020 22:51:25 UTC] PHP Fatal error:  Uncaught Error: Call to a member function have_posts() on null in /Users/joselopez/Local Sites/university/app/public/wp-content/themes/newtheme/front-page.php:53
Stack trace:
#0 /Users/joselopez/Local Sites/university/app/public/wp-includes/template-loader.php(106): include()
#1 /Users/joselopez/Local Sites/university/app/public/wp-blog-header.php(19): require_once('/Users/joselope...')
#2 /Users/joselopez/Local Sites/university/app/public/index.php(17): require('/Users/joselope...')
#3 {main}
  thrown in /Users/joselopez/Local Sites/university/app/public/wp-content/themes/newtheme/front-page.php on line 53
[19-May-2020 22:54:24 UTC] PHP Fatal error:  Uncaught Error: Call to a member function have_posts() on null in /Users/joselopez/Local Sites/university/app/public/wp-content/themes/newtheme/front-page.php:53
Stack trace:
#0 /Users/joselopez/Local Sites/university/app/public/wp-includes/template-loader.php(106): include()
#1 /Users/joselopez/Local Sites/university/app/public/wp-blog-header.php(19): require_once('/Users/joselope...')
#2 /Users/joselopez/Local Sites/university/app/public/index.php(17): require('/Users/joselope...')
#3 {main}
  thrown in /Users/joselopez/Local Sites/university/app/public/wp-content/themes/newtheme/front-page.php on line 53
[19-May-2020 22:56:57 UTC] PHP Fatal error:  Uncaught Error: Call to a member function have_posts() on null in /Users/joselopez/Local Sites/university/app/public/wp-content/themes/newtheme/front-page.php:53
Stack trace:
#0 /Users/joselopez/Local Sites/university/app/public/wp-includes/template-loader.php(106): include()
#1 /Users/joselopez/Local Sites/university/app/public/wp-blog-header.php(19): require_once('/Users/joselope...')
#2 /Users/joselopez/Local Sites/university/app/public/index.php(17): require('/Users/joselope...')
#3 {main}
  thrown in /Users/joselopez/Local Sites/university/app/public/wp-content/themes/newtheme/front-page.php on line 53
[19-May-2020 23:11:17 UTC] PHP Fatal error:  Uncaught Error: Call to a member function have_posts() on null in /Users/joselopez/Local Sites/university/app/public/wp-content/themes/newtheme/front-page.php:53
Stack trace:
#0 /Users/joselopez/Local Sites/university/app/public/wp-includes/template-loader.php(106): include()
#1 /Users/joselopez/Local Sites/university/app/public/wp-blog-header.php(19): require_once('/Users/joselope...')
#2 /Users/joselopez/Local Sites/university/app/public/index.php(17): require('/Users/joselope...')
#3 {main}
  thrown in /Users/joselopez/Local Sites/university/app/public/wp-content/themes/newtheme/front-page.php on line 53
[19-May-2020 23:11:19 UTC] PHP Fatal error:  Uncaught Error: Call to a member function have_posts() on null in /Users/joselopez/Local Sites/university/app/public/wp-content/themes/newtheme/front-page.php:53
Stack trace:
#0 /Users/joselopez/Local Sites/university/app/public/wp-includes/template-loader.php(106): include()
#1 /Users/joselopez/Local Sites/university/app/public/wp-blog-header.php(19): require_once('/Users/joselope...')
#2 /Users/joselopez/Local Sites/university/app/public/index.php(17): require('/Users/joselope...')
#3 {main}
  thrown in /Users/joselopez/Local Sites/university/app/public/wp-content/themes/newtheme/front-page.php on line 53
[19-May-2020 23:18:30 UTC] PHP Fatal error:  Uncaught Error: Call to a member function have_posts() on null in /Users/joselopez/Local Sites/university/app/public/wp-content/themes/newtheme/front-page.php:53
Stack trace:
#0 /Users/joselopez/Local Sites/university/app/public/wp-includes/template-loader.php(106): include()
#1 /Users/joselopez/Local Sites/university/app/public/wp-blog-header.php(19): require_once('/Users/joselope...')
#2 /Users/joselopez/Local Sites/university/app/public/index.php(17): require('/Users/joselope...')
#3 {main}
  thrown in /Users/joselopez/Local Sites/university/app/public/wp-content/themes/newtheme/front-page.php on line 53
[23-May-2020 22:11:17 UTC] PHP Parse error:  syntax error, unexpected '<' in /Users/joselopez/Local Sites/university/app/public/wp-content/themes/newtheme/front-page.php on line 33
[23-May-2020 22:48:38 UTC] PHP Fatal error:  Uncaught Exception: DateTime::__construct(): Failed to parse time string (20/07/2020) at position 0 (2): Unexpected character in /Users/joselopez/Local Sites/university/app/public/wp-content/themes/newtheme/front-page.php:29
Stack trace:
#0 /Users/joselopez/Local Sites/university/app/public/wp-content/themes/newtheme/front-page.php(29): DateTime->__construct('20/07/2020')
#1 /Users/joselopez/Local Sites/university/app/public/wp-includes/template-loader.php(106): include('/Users/joselope...')
#2 /Users/joselopez/Local Sites/university/app/public/wp-blog-header.php(19): require_once('/Users/joselope...')
#3 /Users/joselopez/Local Sites/university/app/public/index.php(17): require('/Users/joselope...')
#4 {main}
  thrown in /Users/joselopez/Local Sites/university/app/public/wp-content/themes/newtheme/front-page.php on line 29
[23-May-2020 22:50:23 UTC] PHP Fatal error:  Uncaught Exception: DateTime::__construct(): Failed to parse time string (20/07/2020) at position 0 (2): Unexpected character in /Users/joselopez/Local Sites/university/app/public/wp-content/themes/newtheme/front-page.php:29
Stack trace:
#0 /Users/joselopez/Local Sites/university/app/public/wp-content/themes/newtheme/front-page.php(29): DateTime->__construct('20/07/2020')
#1 /Users/joselopez/Local Sites/university/app/public/wp-includes/template-loader.php(106): include('/Users/joselope...')
#2 /Users/joselopez/Local Sites/university/app/public/wp-blog-header.php(19): require_once('/Users/joselope...')
#3 /Users/joselopez/Local Sites/university/app/public/index.php(17): require('/Users/joselope...')
#4 {main}
  thrown in /Users/joselopez/Local Sites/university/app/public/wp-content/themes/newtheme/front-page.php on line 29
[23-May-2020 22:55:02 UTC] PHP Fatal error:  Uncaught Exception: DateTime::__construct(): Failed to parse time string (20/07/2020) at position 0 (2): Unexpected character in /Users/joselopez/Local Sites/university/app/public/wp-content/themes/newtheme/front-page.php:29
Stack trace:
#0 /Users/joselopez/Local Sites/university/app/public/wp-content/themes/newtheme/front-page.php(29): DateTime->__construct('20/07/2020')
#1 /Users/joselopez/Local Sites/university/app/public/wp-includes/template-loader.php(106): include('/Users/joselope...')
#2 /Users/joselopez/Local Sites/university/app/public/wp-blog-header.php(19): require_once('/Users/joselope...')
#3 /Users/joselopez/Local Sites/university/app/public/index.php(17): require('/Users/joselope...')
#4 {main}
  thrown in /Users/joselopez/Local Sites/university/app/public/wp-content/themes/newtheme/front-page.php on line 29
[23-May-2020 22:55:03 UTC] PHP Fatal error:  Uncaught Exception: DateTime::__construct(): Failed to parse time string (20/07/2020) at position 0 (2): Unexpected character in /Users/joselopez/Local Sites/university/app/public/wp-content/themes/newtheme/front-page.php:29
Stack trace:
#0 /Users/joselopez/Local Sites/university/app/public/wp-content/themes/newtheme/front-page.php(29): DateTime->__construct('20/07/2020')
#1 /Users/joselopez/Local Sites/university/app/public/wp-includes/template-loader.php(106): include('/Users/joselope...')
#2 /Users/joselopez/Local Sites/university/app/public/wp-blog-header.php(19): require_once('/Users/joselope...')
#3 /Users/joselopez/Local Sites/university/app/public/index.php(17): require('/Users/joselope...')
#4 {main}
  thrown in /Users/joselopez/Local Sites/university/app/public/wp-content/themes/newtheme/front-page.php on line 29
[23-May-2020 22:55:04 UTC] PHP Fatal error:  Uncaught Exception: DateTime::__construct(): Failed to parse time string (20/07/2020) at position 0 (2): Unexpected character in /Users/joselopez/Local Sites/university/app/public/wp-content/themes/newtheme/front-page.php:29
Stack trace:
#0 /Users/joselopez/Local Sites/university/app/public/wp-content/themes/newtheme/front-page.php(29): DateTime->__construct('20/07/2020')
#1 /Users/joselopez/Local Sites/university/app/public/wp-includes/template-loader.php(106): include('/Users/joselope...')
#2 /Users/joselopez/Local Sites/university/app/public/wp-blog-header.php(19): require_once('/Users/joselope...')
#3 /Users/joselopez/Local Sites/university/app/public/index.php(17): require('/Users/joselope...')
#4 {main}
  thrown in /Users/joselopez/Local Sites/university/app/public/wp-content/themes/newtheme/front-page.php on line 29
[23-May-2020 22:55:05 UTC] PHP Fatal error:  Uncaught Exception: DateTime::__construct(): Failed to parse time string (20/07/2020) at position 0 (2): Unexpected character in /Users/joselopez/Local Sites/university/app/public/wp-content/themes/newtheme/front-page.php:29
Stack trace:
#0 /Users/joselopez/Local Sites/university/app/public/wp-content/themes/newtheme/front-page.php(29): DateTime->__construct('20/07/2020')
#1 /Users/joselopez/Local Sites/university/app/public/wp-includes/template-loader.php(106): include('/Users/joselope...')
#2 /Users/joselopez/Local Sites/university/app/public/wp-blog-header.php(19): require_once('/Users/joselope...')
#3 /Users/joselopez/Local Sites/university/app/public/index.php(17): require('/Users/joselope...')
#4 {main}
  thrown in /Users/joselopez/Local Sites/university/app/public/wp-content/themes/newtheme/front-page.php on line 29
[23-May-2020 22:58:31 UTC] PHP Fatal error:  Uncaught Exception: DateTime::__construct(): Failed to parse time string (20/07/2020) at position 0 (2): Unexpected character in /Users/joselopez/Local Sites/university/app/public/wp-content/themes/newtheme/front-page.php:29
Stack trace:
#0 /Users/joselopez/Local Sites/university/app/public/wp-content/themes/newtheme/front-page.php(29): DateTime->__construct('20/07/2020')
#1 /Users/joselopez/Local Sites/university/app/public/wp-includes/template-loader.php(106): include('/Users/joselope...')
#2 /Users/joselopez/Local Sites/university/app/public/wp-blog-header.php(19): require_once('/Users/joselope...')
#3 /Users/joselopez/Local Sites/university/app/public/index.php(17): require('/Users/joselope...')
#4 {main}
  thrown in /Users/joselopez/Local Sites/university/app/public/wp-content/themes/newtheme/front-page.php on line 29
[23-May-2020 22:59:30 UTC] PHP Fatal error:  Uncaught Exception: DateTime::__construct(): Failed to parse time string (20/07/2020) at position 0 (2): Unexpected character in /Users/joselopez/Local Sites/university/app/public/wp-content/themes/newtheme/front-page.php:29
Stack trace:
#0 /Users/joselopez/Local Sites/university/app/public/wp-content/themes/newtheme/front-page.php(29): DateTime->__construct('20/07/2020')
#1 /Users/joselopez/Local Sites/university/app/public/wp-includes/template-loader.php(106): include('/Users/joselope...')
#2 /Users/joselopez/Local Sites/university/app/public/wp-blog-header.php(19): require_once('/Users/joselope...')
#3 /Users/joselopez/Local Sites/university/app/public/index.php(17): require('/Users/joselope...')
#4 {main}
  thrown in /Users/joselopez/Local Sites/university/app/public/wp-content/themes/newtheme/front-page.php on line 29
[23-May-2020 23:00:09 UTC] PHP Fatal error:  Uncaught Exception: DateTime::__construct(): Failed to parse time string (20/07/2020) at position 0 (2): Unexpected character in /Users/joselopez/Local Sites/university/app/public/wp-content/themes/newtheme/front-page.php:29
Stack trace:
#0 /Users/joselopez/Local Sites/university/app/public/wp-content/themes/newtheme/front-page.php(29): DateTime->__construct('20/07/2020')
#1 /Users/joselopez/Local Sites/university/app/public/wp-includes/template-loader.php(106): include('/Users/joselope...')
#2 /Users/joselopez/Local Sites/university/app/public/wp-blog-header.php(19): require_once('/Users/joselope...')
#3 /Users/joselopez/Local Sites/university/app/public/index.php(17): require('/Users/joselope...')
#4 {main}
  thrown in /Users/joselopez/Local Sites/university/app/public/wp-content/themes/newtheme/front-page.php on line 29
[23-May-2020 23:03:08 UTC] PHP Fatal error:  Uncaught Exception: DateTime::__construct(): Failed to parse time string (20/07/2020) at position 0 (2): Unexpected character in /Users/joselopez/Local Sites/university/app/public/wp-content/themes/newtheme/front-page.php:29
Stack trace:
#0 /Users/joselopez/Local Sites/university/app/public/wp-content/themes/newtheme/front-page.php(29): DateTime->__construct('20/07/2020')
#1 /Users/joselopez/Local Sites/university/app/public/wp-includes/template-loader.php(106): include('/Users/joselope...')
#2 /Users/joselopez/Local Sites/university/app/public/wp-blog-header.php(19): require_once('/Users/joselope...')
#3 /Users/joselopez/Local Sites/university/app/public/index.php(17): require('/Users/joselope...')
#4 {main}
  thrown in /Users/joselopez/Local Sites/university/app/public/wp-content/themes/newtheme/front-page.php on line 29
[23-May-2020 23:04:53 UTC] PHP Fatal error:  Uncaught ArgumentCountError: Too few arguments to function get_field(), 0 passed in /Users/joselopez/Local Sites/university/app/public/wp-content/themes/newtheme/front-page.php on line 29 and at least 1 expected in /Users/joselopez/Local Sites/university/app/public/wp-content/plugins/advanced-custom-fields/includes/api/api-template.php:20
Stack trace:
#0 /Users/joselopez/Local Sites/university/app/public/wp-content/themes/newtheme/front-page.php(29): get_field()
#1 /Users/joselopez/Local Sites/university/app/public/wp-includes/template-loader.php(106): include('/Users/joselope...')
#2 /Users/joselopez/Local Sites/university/app/public/wp-blog-header.php(19): require_once('/Users/joselope...')
#3 /Users/joselopez/Local Sites/university/app/public/index.php(17): require('/Users/joselope...')
#4 {main}
  thrown in /Users/joselopez/Local Sites/university/app/public/wp-content/plugins/advanced-custom-fields/includes/api/api-template.php on line 20
[23-May-2020 23:05:19 UTC] PHP Fatal error:  Uncaught Exception: DateTime::__construct(): Failed to parse time string (20/07/2020) at position 0 (2): Unexpected character in /Users/joselopez/Local Sites/university/app/public/wp-content/themes/newtheme/front-page.php:29
Stack trace:
#0 /Users/joselopez/Local Sites/university/app/public/wp-content/themes/newtheme/front-page.php(29): DateTime->__construct('20/07/2020')
#1 /Users/joselopez/Local Sites/university/app/public/wp-includes/template-loader.php(106): include('/Users/joselope...')
#2 /Users/joselopez/Local Sites/university/app/public/wp-blog-header.php(19): require_once('/Users/joselope...')
#3 /Users/joselopez/Local Sites/university/app/public/index.php(17): require('/Users/joselope...')
#4 {main}
  thrown in /Users/joselopez/Local Sites/university/app/public/wp-content/themes/newtheme/front-page.php on line 29
